9949 http 200 https://registry.npmjs.org/core-util-is
9950 silly registry.get cb [ 200,
9950 silly registry.get   { server: 'CouchDB/1.5.0 (Erlang OTP/R16B03)',
9950 silly registry.get     etag: '"5I217NCLWQDRJQ3JWN5TWVB2K"',
9950 silly registry.get     'content-type': 'application/json',
9950 silly registry.get     'cache-control': 'max-age=60',
9950 silly registry.get     'content-length': '2591',
9950 silly registry.get     'accept-ranges': 'bytes',
9950 silly registry.get     date: 'Tue, 20 Oct 2015 14:10:40 GMT',
9950 silly registry.get     via: '1.1 varnish',
9950 silly registry.get     age: '7',
9950 silly registry.get     connection: 'keep-alive',
9950 silly registry.get     'x-served-by': 'cache-iad2135-IAD',
9950 silly registry.get     'x-cache': 'HIT',
9950 silly registry.get     'x-cache-hits': '2',
9950 silly registry.get     'x-timer': 'S1445350240.748446,VS0,VE0',
9950 silly registry.get     vary: 'Accept' } ]
9951 verbose linkBins websocket-driver@0.6.2
9952 verbose linkMans websocket-driver@0.6.2
9953 verbose rebuildBundles websocket-driver@0.6.2
9954 silly gunzTarPerm modes [ '755', '644' ]
9955 silly gunzTarPerm modes [ '755', '644' ]
9956 verbose rebuildBundles [ 'websocket-extensions' ]
9957 info install websocket-driver@0.6.2
9958 silly lockFile 0fff3970-bborchard-npm-rndm-1-1-0-package /home/bborchard/.npm/rndm/1.1.0/package
9959 verbose lock /home/bborchard/.npm/rndm/1.1.0/package /home/bborchard/.npm/0fff3970-bborchard-npm-rndm-1-1-0-package.lock
9960 info postinstall websocket-driver@0.6.2
9961 error Error: ENOENT, lstat '/home/bborchard/code/test/table/node_modules/live-server/node_modules/connect/node_modules/compression/node_modules/compressible/node_modules/mime-db/db.json'
9962 error If you need help, you may report this log at:
9962 error     <http://github.com/isaacs/npm/issues>
9962 error or email it to:
9962 error     <npm-@googlegroups.com>
9963 error System Linux 3.16.0-38-generic
9964 error command "/usr/bin/nodejs" "/usr/bin/npm" "install" "live-server"
9965 error cwd /home/bborchard/code/test/table
9966 error node -v v0.10.25
9967 error npm -v 1.3.10
9968 error path /home/bborchard/code/test/table/node_modules/live-server/node_modules/connect/node_modules/compression/node_modules/compressible/node_modules/mime-db/db.json
9969 error fstream_path /home/bborchard/code/test/table/node_modules/live-server/node_modules/connect/node_modules/compression/node_modules/compressible/node_modules/mime-db/db.json
9970 error fstream_type File
9971 error fstream_class FileWriter
9972 error code ENOENT
9973 error errno 34
9974 error fstream_stack /usr/lib/nodejs/fstream/lib/writer.js:284:26
9974 error fstream_stack Object.oncomplete (fs.js:107:15)
9975 verbose exit [ 34, true ]
